<?xml version="1.0" encoding="UTF-8" ?>
<testsuite tests="7" failures="0" name="com.groupware.mapper.NoticeMapperTest" time="0.004" errors="0" skipped="7">
  <properties>
[...]
</properties>
  <testcase classname="com.groupware.mapper.NoticeMapperTest" name="testRead" time="0">
    <skipped/>
  </testcase>
  <testcase classname="com.groupware.mapper.NoticeMapperTest" name="testGetList" time="0">
    <skipped/>
  </testcase>
  <testcase classname="com.groupware.mapper.NoticeMapperTest" name="testDelete" time="0">
    <skipped/>
  </testcase>
  <testcase classname="com.groupware.mapper.NoticeMapperTest" name="testInsert" time="0.001">
    <skipped/>
  </testcase>
  <testcase classname="com.groupware.mapper.NoticeMapperTest" name="testPaging" time="0.001">
    <skipped/>
  </testcase>
  <testcase classname="com.groupware.mapper.NoticeMapperTest" name="testSearch" time="0.001">
    <skipped/>
  </testcase>
  <testcase classname="com.groupware.mapper.NoticeMapperTest" name="testUpdate" time="0.001">
    <skipped/>
  </testcase>
</testsuite>